AzerothCore rev. 9d1f10c4928a 2023-04-09 03:25:42 +0000 (master branch) (Win64, RelWithDebInfo, Static) (authserver)
<Ctrl-C> to stop.

   █████╗ ███████╗███████╗██████╗  ██████╗ ████████╗██╗  ██╗
  ██╔══██╗╚══███╔╝██╔════╝██╔══██╗██╔═══██╗╚══██╔══╝██║  ██║
  ███████║  ███╔╝ █████╗  ██████╔╝██║   ██║   ██║   ███████║
  ██╔══██║ ███╔╝  ██╔══╝  ██╔══██╗██║   ██║   ██║   ██╔══██║
  ██║  ██║███████╗███████╗██║  ██║╚██████╔╝   ██║   ██║  ██║
  ╚═╝  ╚═╝╚══════╝╚══════╝╚═╝  ╚═╝ ╚═════╝    ╚═╝   ╚═╝  ╚═╝
                                 ██████╗ ██████╗ ██████╗ ███████╗
                                ██╔════╝██╔═══██╗██╔══██╗██╔════╝
                                ██║     ██║   ██║██████╔╝█████╗
                                ██║     ██║   ██║██╔══██╗██╔══╝
                                ╚██████╗╚██████╔╝██║  ██║███████╗
                                 ╚═════╝ ╚═════╝ ╚═╝  ╚═╝╚══════╝

     AzerothCore 3.3.5a  -  www.azerothcore.org

> Using configuration file       configs/authserver.conf
> Using SSL version:             OpenSSL 3.1.0 14 Mar 2023 (library: OpenSSL 3.1.0 14 Mar 2023)
> Using Boost version:           1.81.0
 
Opening DatabasePool 'acore_auth'. Asynchronous connections: 1, synchronous connections: 1.
MySQL client library: 8.0.32
MySQL server ver: 8.0.32 
Connected to MySQL database at 127.0.0.1
MySQL client library: 8.0.32
MySQL server ver: 8.0.32 
Connected to MySQL database at 127.0.0.1
DatabasePool 'acore_auth' opened successfully. 2 total connections running.
 
Updating Auth database...
>> Auth database is up-to-date! Containing 2 new and 32 archived updates.
 
Started auth database connection pool.
Loading IP Location Database...
 
Added realm "AzerothCore" at 127.0.0.1:8085.
